Array
(
    [first-name] => Dummy
    [last-name] => Account
    [middle-name] => Test
    [bio] => Test
    [address] => Test
    [school] => 2
    [course] => 2
    [batch] => 222
    [old-password] => 
    [new-password] => 
    [confirm-password] => 
)
Array
(
    [profile-picture] => Array
        (
            [name] => 
            [full_path] => 
            [type] => 
            [tmp_name] => 
            [error] => 4
            [size] => 0
        )

)
Array
(
    [first-name] => Dummy
    [last-name] => Account
    [middle-name] => Test
    [bio] => Test
    [address] => Test
    [school] => 2
    [course] => 2
    [batch] => 222
    [old-password] => 
    [new-password] => 
    [confirm-password] => 
)
Array
(
    [profile-picture] => Array
        (
            [name] => 
            [full_path] => 
            [type] => 
            [tmp_name] => 
            [error] => 4
            [size] => 0
        )

)
Array
(
    [first-name] => Dummy
    [last-name] => Account
    [middle-name] => Test
    [bio] => Test
    [address] => Test
    [school] => 2
    [course] => 2
    [batch] => 222
    [old-password] => 
    [new-password] => 
    [confirm-password] => 
)
Array
(
    [profile-picture] => Array
        (
            [name] => 
            [full_path] => 
            [type] => 
            [tmp_name] => 
            [error] => 4
            [size] => 0
        )

)
Array
(
    [first-name] => Dummy
    [last-name] => Account
    [middle-name] => Test
    [bio] => Test
    [address] => Test
    [school] => 2
    [course] => 2
    [batch] => 222
    [old-password] => 
    [new-password] => 
    [confirm-password] => 
)
Array
(
    [profile-picture] => Array
        (
            [name] => 
            [full_path] => 
            [type] => 
            [tmp_name] => 
            [error] => 4
            [size] => 0
        )

)
Array
(
    [first-name] => Dummy
    [last-name] => Account
    [middle-name] => Test
    [bio] => Test
    [address] => Test
    [school] => 2
    [course] => 2
    [batch] => 222
    [old-password] => 
    [new-password] => 
    [confirm-password] => 
)
Array
(
    [profile-picture] => Array
        (
            [name] => 
            [full_path] => 
            [type] => 
            [tmp_name] => 
            [error] => 4
            [size] => 0
        )

)
Array
(
    [first-name] => Dummy
    [last-name] => Account
    [middle-name] => Test
    [bio] => Test
    [address] => Test
    [school] => 2
    [course] => 2
    [batch] => 222
    [old-password] => 
    [new-password] => 
    [confirm-password] => 
)
Array
(
    [profile-picture] => Array
        (
            [name] => 
            [full_path] => 
            [type] => 
            [tmp_name] => 
            [error] => 4
            [size] => 0
        )

)
Array
(
    [first-name] => Dummy
    [last-name] => Account
    [middle-name] => Test
    [bio] => Test
    [address] => Test
    [school] => 2
    [course] => 2
    [batch] => 222
    [old-password] => 
    [new-password] => 
    [confirm-password] => 
)
Array
(
    [profile-picture] => Array
        (
            [name] => 
            [full_path] => 
            [type] => 
            [tmp_name] => 
            [error] => 4
            [size] => 0
        )

)
